[EL Info]: 2025-11-15 19:02:17.292--ServerSession(34961127)--EclipseLink, version: Eclipse Persistence Services - 4.0.7.v202506240759-923a428d4722d199eff24e730890e156ce7ea9de
[EL Fine]: sql: 2025-11-15 19:02:17.724--ServerSession(34961127)--Connection(1256967251)--SELECT ID, ANNUALBASESALARY, CREATEDAT, ENDDATE, ENTITYSTATE, SETTLEMENT, STARTDATE, STATE, TAXRATE, UPDATEDAT, VERSION, CONTRACTTYPE_ID, PROFESSIONALGROUP_ID, MECHANIC_ID FROM TCONTRACTS
[EL Fine]: sql: 2025-11-15 19:02:17.742--ServerSession(34961127)--Connection(1256967251)--SELECT ID, COMPENSATIONDAYSPERYEAR, CREATEDAT, ENTITYSTATE, NAME, UPDATEDAT, VERSION FROM TCONTRACTTYPES WHERE (ID = ?)
	bind => [852feeda-97fa-4970-a03c-d5eb817bdd29]
[EL Fine]: sql: 2025-11-15 19:02:17.75--ServerSession(34961127)--Connection(1256967251)--SELECT ID, CREATEDAT, ENTITYSTATE, NAME, PRODUCTIVITYRATE, TRIENNIUMPAYMENT, UPDATEDAT, VERSION FROM TPROFESSIONALGROUPS WHERE (ID = ?)
	bind => [4090d065-0bb3-4787-812e-20269dd11d7d]
[EL Fine]: sql: 2025-11-15 19:02:17.753--ServerSession(34961127)--Connection(1256967251)--SELECT ID, CREATEDAT, ENTITYSTATE, NAME, NIF, SURNAME, UPDATEDAT, VERSION FROM TMECHANICS WHERE (ID = ?)
	bind => [1134ac14-57d1-4798-9f91-8dc1a3708609]
[EL Fine]: sql: 2025-11-15 19:02:17.756--ServerSession(34961127)--Connection(1256967251)--SELECT ID, ANNUALBASESALARY, CREATEDAT, ENDDATE, ENTITYSTATE, SETTLEMENT, STARTDATE, STATE, TAXRATE, UPDATEDAT, VERSION, CONTRACTTYPE_ID, PROFESSIONALGROUP_ID, MECHANIC_ID FROM TCONTRACTS WHERE (MECHANIC_ID = ?)
	bind => [1134ac14-57d1-4798-9f91-8dc1a3708609]
[EL Fine]: sql: 2025-11-15 19:02:17.76--ServerSession(34961127)--Connection(1256967251)--SELECT ID, COMPENSATIONDAYSPERYEAR, CREATEDAT, ENTITYSTATE, NAME, UPDATEDAT, VERSION FROM TCONTRACTTYPES WHERE (ID = ?)
	bind => [d2befc2d-5160-4200-9bee-e9188eea2f80]
[EL Fine]: sql: 2025-11-15 19:02:17.762--ServerSession(34961127)--Connection(1256967251)--SELECT ID, CREATEDAT, ENTITYSTATE, NAME, PRODUCTIVITYRATE, TRIENNIUMPAYMENT, UPDATEDAT, VERSION FROM TPROFESSIONALGROUPS WHERE (ID = ?)
	bind => [ebc795e4-fffb-404f-b25c-ff6aedcfb570]
[EL Fine]: sql: 2025-11-15 19:02:17.764--ServerSession(34961127)--Connection(1256967251)--SELECT ID, CREATEDAT, ENTITYSTATE, NAME, NIF, SURNAME, UPDATEDAT, VERSION FROM TMECHANICS WHERE (ID = ?)
	bind => [c4a16c6d-b516-4fbf-8992-bc6fa749eff9]
[EL Fine]: sql: 2025-11-15 19:02:17.767--ServerSession(34961127)--Connection(1256967251)--SELECT ID, ANNUALBASESALARY, CREATEDAT, ENDDATE, ENTITYSTATE, SETTLEMENT, STARTDATE, STATE, TAXRATE, UPDATEDAT, VERSION, CONTRACTTYPE_ID, PROFESSIONALGROUP_ID, MECHANIC_ID FROM TCONTRACTS WHERE (MECHANIC_ID = ?)
	bind => [c4a16c6d-b516-4fbf-8992-bc6fa749eff9]
[EL Fine]: sql: 2025-11-15 19:02:17.769--ServerSession(34961127)--Connection(1256967251)--SELECT ID, CREATEDAT, ENTITYSTATE, NAME, PRODUCTIVITYRATE, TRIENNIUMPAYMENT, UPDATEDAT, VERSION FROM TPROFESSIONALGROUPS WHERE (ID = ?)
	bind => [a8561f83-ccdc-486a-ab49-9857272deee9]
[EL Fine]: sql: 2025-11-15 19:02:17.771--ServerSession(34961127)--Connection(1256967251)--SELECT ID, CREATEDAT, ENTITYSTATE, NAME, NIF, SURNAME, UPDATEDAT, VERSION FROM TMECHANICS WHERE (ID = ?)
	bind => [241d0b3f-c8be-4d03-a467-7d17988964de]
[EL Fine]: sql: 2025-11-15 19:02:17.773--ServerSession(34961127)--Connection(1256967251)--SELECT ID, ANNUALBASESALARY, CREATEDAT, ENDDATE, ENTITYSTATE, SETTLEMENT, STARTDATE, STATE, TAXRATE, UPDATEDAT, VERSION, CONTRACTTYPE_ID, PROFESSIONALGROUP_ID, MECHANIC_ID FROM TCONTRACTS WHERE (MECHANIC_ID = ?)
	bind => [241d0b3f-c8be-4d03-a467-7d17988964de]
[EL Fine]: sql: 2025-11-15 19:02:17.776--ServerSession(34961127)--Connection(1256967251)--SELECT ID, CREATEDAT, ENTITYSTATE, NAME, PRODUCTIVITYRATE, TRIENNIUMPAYMENT, UPDATEDAT, VERSION FROM TPROFESSIONALGROUPS WHERE (ID = ?)
	bind => [6c23f9ce-58f8-412d-965a-fc06fae2f29b]
[EL Fine]: sql: 2025-11-15 19:02:17.778--ServerSession(34961127)--Connection(1256967251)--SELECT ID, CREATEDAT, ENTITYSTATE, NAME, NIF, SURNAME, UPDATEDAT, VERSION FROM TMECHANICS WHERE (ID = ?)
	bind => [43e53444-72b4-488c-b90b-900d6be0b0fd]
[EL Fine]: sql: 2025-11-15 19:02:17.78--ServerSession(34961127)--Connection(1256967251)--SELECT ID, ANNUALBASESALARY, CREATEDAT, ENDDATE, ENTITYSTATE, SETTLEMENT, STARTDATE, STATE, TAXRATE, UPDATEDAT, VERSION, CONTRACTTYPE_ID, PROFESSIONALGROUP_ID, MECHANIC_ID FROM TCONTRACTS WHERE (MECHANIC_ID = ?)
	bind => [43e53444-72b4-488c-b90b-900d6be0b0fd]
[EL Fine]: sql: 2025-11-15 19:02:17.783--ServerSession(34961127)--Connection(1256967251)--SELECT ID, CREATEDAT, ENTITYSTATE, NAME, NIF, SURNAME, UPDATEDAT, VERSION FROM TMECHANICS WHERE (ID = ?)
	bind => [a446a64b-d174-4cbc-a41b-c183a418bd64]
[EL Fine]: sql: 2025-11-15 19:02:17.785--ServerSession(34961127)--Connection(1256967251)--SELECT ID, ANNUALBASESALARY, CREATEDAT, ENDDATE, ENTITYSTATE, SETTLEMENT, STARTDATE, STATE, TAXRATE, UPDATEDAT, VERSION, CONTRACTTYPE_ID, PROFESSIONALGROUP_ID, MECHANIC_ID FROM TCONTRACTS WHERE (MECHANIC_ID = ?)
	bind => [a446a64b-d174-4cbc-a41b-c183a418bd64]
[EL Fine]: sql: 2025-11-15 19:02:17.787--ServerSession(34961127)--Connection(1256967251)--SELECT ID, CREATEDAT, ENTITYSTATE, NAME, NIF, SURNAME, UPDATEDAT, VERSION FROM TMECHANICS WHERE (ID = ?)
	bind => [08741bef-7e7f-4301-a0e8-4882dfd117b1]
[EL Fine]: sql: 2025-11-15 19:02:17.789--ServerSession(34961127)--Connection(1256967251)--SELECT ID, ANNUALBASESALARY, CREATEDAT, ENDDATE, ENTITYSTATE, SETTLEMENT, STARTDATE, STATE, TAXRATE, UPDATEDAT, VERSION, CONTRACTTYPE_ID, PROFESSIONALGROUP_ID, MECHANIC_ID FROM TCONTRACTS WHERE (MECHANIC_ID = ?)
	bind => [08741bef-7e7f-4301-a0e8-4882dfd117b1]
[EL Fine]: sql: 2025-11-15 19:02:17.795--ServerSession(34961127)--Connection(1256967251)--SELECT ID, CREATEDAT, ENTITYSTATE, NAME, NIF, SURNAME, UPDATEDAT, VERSION FROM TMECHANICS WHERE (ID = ?)
	bind => [518d899b-8673-46c3-8da1-c32a744af5f4]
[EL Fine]: sql: 2025-11-15 19:02:17.797--ServerSession(34961127)--Connection(1256967251)--SELECT ID, ANNUALBASESALARY, CREATEDAT, ENDDATE, ENTITYSTATE, SETTLEMENT, STARTDATE, STATE, TAXRATE, UPDATEDAT, VERSION, CONTRACTTYPE_ID, PROFESSIONALGROUP_ID, MECHANIC_ID FROM TCONTRACTS WHERE (MECHANIC_ID = ?)
	bind => [518d899b-8673-46c3-8da1-c32a744af5f4]
[EL Fine]: sql: 2025-11-15 19:02:17.799--ServerSession(34961127)--Connection(1256967251)--SELECT ID, CREATEDAT, ENTITYSTATE, NAME, PRODUCTIVITYRATE, TRIENNIUMPAYMENT, UPDATEDAT, VERSION FROM TPROFESSIONALGROUPS WHERE (ID = ?)
	bind => [98519e70-b09a-4fe2-9951-c34f1ff170b0]
[EL Fine]: sql: 2025-11-15 19:02:17.801--ServerSession(34961127)--Connection(1256967251)--SELECT ID, CREATEDAT, ENTITYSTATE, NAME, NIF, SURNAME, UPDATEDAT, VERSION FROM TMECHANICS WHERE (ID = ?)
	bind => [2fb13252-033f-49d5-a4a3-562ff7b7bbfe]
[EL Fine]: sql: 2025-11-15 19:02:17.802--ServerSession(34961127)--Connection(1256967251)--SELECT ID, ANNUALBASESALARY, CREATEDAT, ENDDATE, ENTITYSTATE, SETTLEMENT, STARTDATE, STATE, TAXRATE, UPDATEDAT, VERSION, CONTRACTTYPE_ID, PROFESSIONALGROUP_ID, MECHANIC_ID FROM TCONTRACTS WHERE (MECHANIC_ID = ?)
	bind => [2fb13252-033f-49d5-a4a3-562ff7b7bbfe]
[EL Fine]: sql: 2025-11-15 19:02:17.805--ServerSession(34961127)--Connection(1256967251)--SELECT ID, CREATEDAT, ENTITYSTATE, NAME, NIF, SURNAME, UPDATEDAT, VERSION FROM TMECHANICS WHERE (ID = ?)
	bind => [f0fc890e-e39d-4937-a382-3917b192db08]
[EL Fine]: sql: 2025-11-15 19:02:17.806--ServerSession(34961127)--Connection(1256967251)--SELECT ID, ANNUALBASESALARY, CREATEDAT, ENDDATE, ENTITYSTATE, SETTLEMENT, STARTDATE, STATE, TAXRATE, UPDATEDAT, VERSION, CONTRACTTYPE_ID, PROFESSIONALGROUP_ID, MECHANIC_ID FROM TCONTRACTS WHERE (MECHANIC_ID = ?)
	bind => [f0fc890e-e39d-4937-a382-3917b192db08]
[EL Fine]: sql: 2025-11-15 19:02:17.809--ServerSession(34961127)--Connection(1256967251)--SELECT ID, CREATEDAT, ENTITYSTATE, NAME, NIF, SURNAME, UPDATEDAT, VERSION FROM TMECHANICS WHERE (ID = ?)
	bind => [0a788005-e79b-42e3-9cf5-c268ae72980b]
[EL Fine]: sql: 2025-11-15 19:02:17.81--ServerSession(34961127)--Connection(1256967251)--SELECT ID, ANNUALBASESALARY, CREATEDAT, ENDDATE, ENTITYSTATE, SETTLEMENT, STARTDATE, STATE, TAXRATE, UPDATEDAT, VERSION, CONTRACTTYPE_ID, PROFESSIONALGROUP_ID, MECHANIC_ID FROM TCONTRACTS WHERE (MECHANIC_ID = ?)
	bind => [0a788005-e79b-42e3-9cf5-c268ae72980b]
[EL Fine]: sql: 2025-11-15 19:02:17.812--ServerSession(34961127)--Connection(1256967251)--SELECT ID, CREATEDAT, ENTITYSTATE, NAME, NIF, SURNAME, UPDATEDAT, VERSION FROM TMECHANICS WHERE (ID = ?)
	bind => [1c436526-317d-4ad8-981a-6fcbb12a067d]
[EL Fine]: sql: 2025-11-15 19:02:17.813--ServerSession(34961127)--Connection(1256967251)--SELECT ID, ANNUALBASESALARY, CREATEDAT, ENDDATE, ENTITYSTATE, SETTLEMENT, STARTDATE, STATE, TAXRATE, UPDATEDAT, VERSION, CONTRACTTYPE_ID, PROFESSIONALGROUP_ID, MECHANIC_ID FROM TCONTRACTS WHERE (MECHANIC_ID = ?)
	bind => [1c436526-317d-4ad8-981a-6fcbb12a067d]
[EL Fine]: sql: 2025-11-15 19:02:34.018--ServerSession(34961127)--Connection(1256967251)--SELECT ID, ANNUALBASESALARY, CREATEDAT, ENDDATE, ENTITYSTATE, SETTLEMENT, STARTDATE, STATE, TAXRATE, UPDATEDAT, VERSION, CONTRACTTYPE_ID, PROFESSIONALGROUP_ID, MECHANIC_ID FROM TCONTRACTS WHERE (ID = ?)
	bind => [0b72289a-e5dc-491b-b143-d3056112cc61]
[EL Fine]: sql: 2025-11-15 19:02:34.02--ServerSession(34961127)--Connection(1256967251)--SELECT ID, COMPENSATIONDAYSPERYEAR, CREATEDAT, ENTITYSTATE, NAME, UPDATEDAT, VERSION FROM TCONTRACTTYPES WHERE (ID = ?)
	bind => [852feeda-97fa-4970-a03c-d5eb817bdd29]
[EL Fine]: sql: 2025-11-15 19:02:34.022--ServerSession(34961127)--Connection(1256967251)--SELECT ID, CREATEDAT, ENTITYSTATE, NAME, PRODUCTIVITYRATE, TRIENNIUMPAYMENT, UPDATEDAT, VERSION FROM TPROFESSIONALGROUPS WHERE (ID = ?)
	bind => [4090d065-0bb3-4787-812e-20269dd11d7d]
[EL Fine]: sql: 2025-11-15 19:02:34.023--ServerSession(34961127)--Connection(1256967251)--SELECT ID, CREATEDAT, ENTITYSTATE, NAME, NIF, SURNAME, UPDATEDAT, VERSION FROM TMECHANICS WHERE (ID = ?)
	bind => [1134ac14-57d1-4798-9f91-8dc1a3708609]
[EL Fine]: sql: 2025-11-15 19:02:34.025--ServerSession(34961127)--Connection(1256967251)--SELECT ID, ANNUALBASESALARY, CREATEDAT, ENDDATE, ENTITYSTATE, SETTLEMENT, STARTDATE, STATE, TAXRATE, UPDATEDAT, VERSION, CONTRACTTYPE_ID, PROFESSIONALGROUP_ID, MECHANIC_ID FROM TCONTRACTS WHERE (MECHANIC_ID = ?)
	bind => [1134ac14-57d1-4798-9f91-8dc1a3708609]
